<?xml version="1.0" encoding="UTF-8"?>
<testng-results ignored="0" total="1" passed="1" failed="0" skipped="0">
  <reporter-output>
    <line>
      <![CDATA[Waiting for 500ms]]>
    </line>
    <line>
      <![CDATA[Taking screenshot]]>
    </line>
    <line>
      <![CDATA[Test case UserRegisteration is passed , Good job!]]>
    </line>
  </reporter-output>
  <suite started-at="2023-05-01T15:32:46 IST" name="Default suite" finished-at="2023-05-01T15:33:10 IST" duration-ms="23462">
    <groups>
    </groups>
    <test started-at="2023-05-01T15:32:46 IST" name="Default test" finished-at="2023-05-01T15:33:10 IST" duration-ms="23462">
      <class name="testCases.Registeration">
        <test-method is-config="true" signature="launchBrowser()[pri:0, instance:testCases.Registeration@36ebc363]" started-at="2023-05-01T15:32:46 IST" name="launchBrowser" finished-at="2023-05-01T15:32:48 IST" duration-ms="2047" status="PASS">
          <reporter-output>
          </reporter-output>
        </test-method> <!-- launchBrowser -->
        <test-method is-config="true" signature="openApplication()[pri:0, instance:testCases.Registeration@36ebc363]" started-at="2023-05-01T15:32:48 IST" name="openApplication" finished-at="2023-05-01T15:32:51 IST" duration-ms="2524" status="PASS">
          <reporter-output>
          </reporter-output>
        </test-method> <!-- openApplication -->
        <test-method signature="UserRegisteration()[pri:0, instance:testCases.Registeration@36ebc363]" started-at="2023-05-01T15:32:51 IST" name="UserRegisteration" finished-at="2023-05-01T15:33:10 IST" duration-ms="18642" status="PASS">
          <reporter-output>
            <line>
              <![CDATA[Waiting for 500ms]]>
            </line>
            <line>
              <![CDATA[Taking screenshot]]>
            </line>
            <line>
              <![CDATA[Test case UserRegisteration is passed , Good job!]]>
            </line>
          </reporter-output>
        </test-method> <!-- UserRegisteration -->
        <test-method is-config="true" signature="clearResponse()[pri:0, instance:testCases.Registeration@36ebc363]" started-at="2023-05-01T15:33:10 IST" name="clearResponse" finished-at="2023-05-01T15:33:10 IST" duration-ms="9" status="PASS">
          <reporter-output>
          </reporter-output>
        </test-method> <!-- clearResponse -->
      </class> <!-- testCases.Registeration -->
    </test> <!-- Default test -->
  </suite> <!-- Default suite -->
</testng-results>
